<?xml version="1.0" encoding="UTF-8"?>
<!-- Generated by org.testng.reporters.JUnitReportReporter -->
<testsuite hostname="Mamta" failures="0" tests="2" name="testng1.Test1" time="0.006" errors="0" timestamp="2023-02-09T10:43:42 EST" skipped="0">
  <testcase classname="testng1.Test1" name="Test12" time="0.004"/>
  <system-out/>
  <testcase classname="testng1.Test1" name="Test11" time="0.002"/>
  <system-out/>
</testsuite> <!-- testng1.Test1 -->
