<?xml version="1.0" encoding="UTF-8"?>
<!-- Generated by org.testng.reporters.JUnitReportReporter -->
<testsuite hostname="Mamta" failures="0" tests="2" name="testng1.Parameter_TestNG" time="0.008" errors="0" timestamp="2023-02-08T11:02:01 EST" skipped="0">
  <testcase classname="testng1.Parameter_TestNG" name="ParameterMethod" time="0.002"/>
  <system-out/>
  <testcase classname="testng1.Parameter_TestNG" name="Parameter2" time="0.006"/>
  <system-out/>
</testsuite> <!-- testng1.Parameter_TestNG -->
